lab4.adb:1:09: warning: no entities of "Ada.Text_IO" are referenced [-gnatwu]
lab4.adb:1:31: warning: use clause for package "Text_IO" has no effect [-gnatwu]
lab4.adb:10:06: warning: no entities of "Bitmap_Color_Conversion" are referenced [-gnatwu]
lab4.adb:10:31: warning: use clause for package "Bitmap_Color_Conversion" has no effect [-gnatwu]
lab4.adb:16:05: (style) bad indentation
lab4.adb:17:05: (style) bad indentation
lab4.adb:18:05: (style) bad indentation
lab4.adb:19:05: (style) bad indentation
lab4.adb:20:05: (style) bad indentation
lab4.adb:22:09: (style) bad indentation
lab4.adb:22:19: warning: procedure "Buzzer_On" is not referenced [-gnatwu]
lab4.adb:23:05: (style) bad indentation
lab4.adb:24:08: (style) incorrect layout
lab4.adb:24:09: (style) bad indentation
lab4.adb:25:05: (style) bad indentation
lab4.adb:27:05: (style) bad indentation
lab4.adb:28:05: (style) bad indentation
lab4.adb:29:09: (style) bad indentation
lab4.adb:30:05: (style) bad indentation
lab4.adb:32:05: (style) bad indentation
lab4.adb:33:05: (style) bad indentation
lab4.adb:35:09: (style) bad indentation
lab4.adb:37:09: (style) bad indentation
lab4.adb:42:09: (style) bad indentation
lab4.adb:43:05: (style) bad indentation
lab4.adb:45:05: (style) bad indentation
lab4.adb:48:05: (style) bad indentation
lab4.adb:49:05: (style) bad indentation
lab4.adb:51:05: (style) bad indentation
lab4.adb:51:05: warning: variable "LEDs" is not referenced [-gnatwu]
lab4.adb:53:05: (style) bad indentation
lab4.adb:54:05: (style) bad indentation
lab4.adb:55:05: (style) bad indentation
lab4.adb:56:05: (style) bad indentation
lab4.adb:58:05: (style) bad indentation
lab4.adb:58:05: warning: variable "Row1_state" is not referenced [-gnatwu]
lab4.adb:59:05: (style) bad indentation
lab4.adb:59:05: warning: variable "Row2_state" is not referenced [-gnatwu]
lab4.adb:60:05: (style) bad indentation
lab4.adb:60:05: warning: variable "Row3_state" is not referenced [-gnatwu]
lab4.adb:61:05: (style) bad indentation
lab4.adb:61:05: warning: variable "Row4_state" is not referenced [-gnatwu]
lab4.adb:63:05: (style) bad indentation
lab4.adb:63:05: warning: variable "Col1_state" is not referenced [-gnatwu]
lab4.adb:64:05: (style) bad indentation
lab4.adb:64:05: warning: variable "Col2_state" is not referenced [-gnatwu]
lab4.adb:65:05: (style) bad indentation
lab4.adb:65:05: warning: variable "Col3_state" is not referenced [-gnatwu]
lab4.adb:66:05: (style) bad indentation
lab4.adb:66:05: warning: variable "Col4_state" is not referenced [-gnatwu]
lab4.adb:68:05: (style) bad indentation
lab4.adb:69:05: (style) bad indentation
lab4.adb:70:05: (style) bad indentation
lab4.adb:71:05: (style) bad indentation
lab4.adb:73:05: (style) bad indentation
lab4.adb:74:05: (style) bad indentation
lab4.adb:74:05: warning: "Row_Pins" is not modified, could be declared constant [-gnatwk]
lab4.adb:77:05: (style) bad indentation
lab4.adb:78:05: (style) bad indentation
lab4.adb:84:05: (style) bad indentation
lab4.adb:86:05: (style) bad indentation
lab4.adb:96:05: (style) bad indentation
lab4.adb:97:05: (style) bad indentation
lab4.adb:99:05: (style) bad indentation
lab4.adb:100:05: (style) bad indentation
lab4.adb:102:05: (style) bad indentation
lab4.adb:103:05: (style) bad indentation
lab4.adb:104:09: (style) bad indentation
lab4.adb:105:09: (style) bad indentation
lab4.adb:106:05: (style) bad indentation
lab4.adb:108:05: (style) bad indentation
lab4.adb:109:05: (style) bad indentation
lab4.adb:110:09: (style) bad indentation
lab4.adb:111:09: (style) bad indentation
lab4.adb:115:05: (style) bad indentation
lab4.adb:117:05: (style) bad indentation
lab4.adb:118:05: (style) bad indentation
lab4.adb:119:09: (style) bad indentation
lab4.adb:122:09: (style) bad indentation
lab4.adb:125:09: (style) bad indentation
lab4.adb:126:05: (style) bad indentation
lab4.adb:128:05: (style) bad indentation
lab4.adb:129:05: (style) bad indentation
lab4.adb:130:09: (style) bad indentation
lab4.adb:131:09: (style) bad indentation
lab4.adb:132:09: (style) bad indentation
lab4.adb:134:05: (style) bad indentation
lab4.adb:136:05: (style) bad indentation
lab4.adb:137:09: (style) bad indentation
lab4.adb:138:09: (style) bad indentation
lab4.adb:139:05: (style) bad indentation
lab4.adb:140:09: (style) bad indentation
lab4.adb:141:09: (style) bad indentation
lab4.adb:143:09: (style) bad indentation
lab4.adb:147:09: (style) bad indentation
lab4.adb:148:05: (style) bad indentation
lab4.adb:150:05: (style) bad indentation
lab4.adb:151:05: (style) bad indentation
lab4.adb:152:09: (style) bad indentation
lab4.adb:153:05: (style) bad indentation
lab4.adb:154:05: (style) bad indentation
lab4.adb:155:05: (style) bad indentation
lab4.adb:156:09: (style) bad indentation
lab4.adb:157:05: (style) bad indentation
lab4.adb:159:05: (style) bad indentation
lab4.adb:161:05: (style) bad indentation
lab4.adb:162:09: (style) bad indentation
lab4.adb:162:09: warning: "S" is not modified, could be declared constant [-gnatwk]
lab4.adb:163:05: (style) bad indentation
lab4.adb:164:09: (style) bad indentation
lab4.adb:164:41: (style) "and then" required
lab4.adb:166:09: (style) bad indentation
lab4.adb:167:05: (style) bad indentation
lab4.adb:169:05: (style) bad indentation
lab4.adb:170:09: (style) bad indentation
lab4.adb:170:09: warning: "S" is not modified, could be declared constant [-gnatwk]
lab4.adb:171:05: (style) bad indentation
lab4.adb:172:09: (style) bad indentation
lab4.adb:172:41: (style) "and then" required
lab4.adb:175:09: (style) bad indentation
lab4.adb:176:41: (style) "and then" required
lab4.adb:177:17: (style) bad indentation
lab4.adb:179:09: (style) bad indentation
lab4.adb:180:05: (style) bad indentation
lab4.adb:182:05: (style) bad indentation
lab4.adb:183:05: (style) bad indentation
lab4.adb:184:09: (style) bad indentation
lab4.adb:185:15: (style) two spaces required
lab4.adb:190:09: (style) bad indentation
lab4.adb:193:09: (style) bad indentation
lab4.adb:194:05: (style) bad indentation
lab4.adb:196:05: (style) bad indentation
lab4.adb:197:09: (style) bad indentation
lab4.adb:197:09: warning: "Result" is not modified, could be declared constant [-gnatwk]
lab4.adb:198:05: (style) bad indentation
lab4.adb:199:09: (style) bad indentation
lab4.adb:200:05: (style) bad indentation
lab4.adb:201:01: (style) multiple blank lines
lab4.adb:204:05: (style) bad indentation
lab4.adb:205:05: (style) bad indentation
lab4.adb:206:05: (style) bad indentation
lab4.adb:207:05: (style) bad indentation
lab4.adb:208:05: (style) bad indentation
lab4.adb:209:05: (style) bad indentation
lab4.adb:210:05: (style) bad indentation
lab4.adb:211:05: (style) bad indentation
lab4.adb:212:05: (style) bad indentation
lab4.adb:213:05: (style) bad indentation
lab4.adb:214:05: (style) bad indentation
lab4.adb:215:05: (style) bad indentation
lab4.adb:216:05: (style) bad indentation
lab4.adb:217:05: (style) bad indentation
lab4.adb:218:05: (style) bad indentation
lab4.adb:219:05: (style) bad indentation
lab4.adb:220:05: (style) bad indentation
lab4.adb:221:05: (style) bad indentation
lab4.adb:223:05: (style) bad indentation
lab4.adb:224:09: (style) bad indentation
lab4.adb:227:17: (style) bad indentation
lab4.adb:231:17: (style) bad indentation
lab4.adb:234:09: (style) bad indentation
lab4.adb:235:09: (style) bad indentation
lab4.adb:237:09: (style) bad indentation
lab4.adb:238:09: (style) bad indentation
lab4.adb:239:05: (style) bad indentation
